[2022-06-26 09:44:30] local.ERROR: Failed to authenticate on SMTP server with username "tareeqularabia@gmail.com" using 3 possible authenticators. Authenticator LOGIN returned Expected response code 235 but got code "535", with message "535-5.7.8 Username and Password not accepted. Learn more at
535 5.7.8  https://support.google.com/mail/?p=BadCredentials u12-20020ac8050c000000b003051ea4e7f6sm4748043qtg.48 - gsmtp
". Authenticator PLAIN returned Expected response code 235 but got code "535", with message "535-5.7.8 Username and Password not accepted. Learn more at
535 5.7.8  https://support.google.com/mail/?p=BadCredentials u12-20020ac8050c000000b003051ea4e7f6sm4748043qtg.48 - gsmtp
". Authenticator XOAUTH2 returned Expected response code 250 but got code "535", with message "535-5.7.8 Username and Password not accepted. Learn more at
535 5.7.8  https://support.google.com/mail/?p=BadCredentials u12-20020ac8050c000000b003051ea4e7f6sm4748043qtg.48 - gsmtp
". {"userId":9,"exception":"[object] (Swift_TransportException(code: 0): Failed to authenticate on SMTP server with username \"tareeqularabia@gmail.com\" using 3 possible authenticators. Authenticator LOGIN returned Expected response code 235 but got code \"535\", with message \"535-5.7.8 Username and Password not accepted. Learn more at
535 5.7.8  https://support.google.com/mail/?p=BadCredentials u12-20020ac8050c000000b003051ea4e7f6sm4748043qtg.48 - gsmtp
\". Authenticator PLAIN returned Expected response code 235 but got code \"535\", with message \"535-5.7.8 Username and Password not accepted. Learn more at
535 5.7.8  https://support.google.com/mail/?p=BadCredentials u12-20020ac8050c000000b003051ea4e7f6sm4748043qtg.48 - gsmtp
\". Authenticator XOAUTH2 returned Expected response code 250 but got code \"535\", with message \"535-5.7.8 Username and Password not accepted. Learn more at
535 5.7.8  https://support.google.com/mail/?p=BadCredentials u12-20020ac8050c000000b003051ea4e7f6sm4748043qtg.48 - gsmtp
\". at C:\\Websites\\Arabic-for-all\\vendor\\swiftmailer\\swiftmailer\\lib\\classes\\Swift\\Transport\\Esmtp\\AuthHandler.php:191)
[stacktrace]
#0 C:\\Websites\\Arabic-for-all\\vendor\\swiftmailer\\swiftmailer\\lib\\classes\\Swift\\Transport\\EsmtpTransport.php(371): Swift_Transport_Esmtp_AuthHandler->afterEhlo()
#1 C:\\Websites\\Arabic-for-all\\vendor\\swiftmailer\\swiftmailer\\lib\\classes\\Swift\\Transport\\AbstractSmtpTransport.php(148): Swift_Transport_EsmtpTransport->doHeloCommand()
#2 C:\\Websites\\Arabic-for-all\\vendor\\swiftmailer\\swiftmailer\\lib\\classes\\Swift\\Mailer.php(65): Swift_Transport_AbstractSmtpTransport->start()
#3 C:\\Websites\\Arabic-for-all\\vendor\\laravel\\framework\\src\\Illuminate\\Mail\\Mailer.php(484): Swift_Mailer->send()
#4 C:\\Websites\\Arabic-for-all\\vendor\\laravel\\framework\\src\\Illuminate\\Mail\\Mailer.php(259): Illuminate\\Mail\\Mailer->sendSwiftMessage()
#5 C:\\Websites\\Arabic-for-all\\vendor\\laravel\\framework\\src\\Illuminate\\Mail\\Mailable.php(159): Illuminate\\Mail\\Mailer->send()
#6 C:\\Websites\\Arabic-for-all\\vendor\\laravel\\framework\\src\\Illuminate\\Support\\Traits\\Localizable.php(19): Illuminate\\Mail\\Mailable->Illuminate\\Mail\\{closure}()
#7 C:\\Websites\\Arabic-for-all\\vendor\\laravel\\framework\\src\\Illuminate\\Mail\\Mailable.php(160): Illuminate\\Mail\\Mailable->withLocale()
#8 C:\\Websites\\Arabic-for-all\\vendor\\laravel\\framework\\src\\Illuminate\\Mail\\Mailer.php(275): Illuminate\\Mail\\Mailable->send()
#9 C:\\Websites\\Arabic-for-all\\vendor\\laravel\\framework\\src\\Illuminate\\Mail\\Mailer.php(229): Illuminate\\Mail\\Mailer->sendMailable()
#10 C:\\Websites\\Arabic-for-all\\vendor\\laravel\\framework\\src\\Illuminate\\Mail\\PendingMail.php(127): Illuminate\\Mail\\Mailer->send()
#11 C:\\Websites\\Arabic-for-all\\app\\Http\\Controllers\\Admin\\CoursesController.php(80): Illuminate\\Mail\\PendingMail->send()
#12 [internal function]: App\\Http\\Controllers\\Admin\\CoursesController->store()
#13 C:\\Websites\\Arabic-for-all\\vendor\\laravel\\framework\\src\\Illuminate\\Routing\\Controller.php(54): call_user_func_array()
#14 C:\\Websites\\Arabic-for-all\\vendor\\laravel\\framework\\src\\Illuminate\\Routing\\ControllerDispatcher.php(45): Illuminate\\Routing\\Controller->callAction()
#15 C:\\Websites\\Arabic-for-all\\vendor\\laravel\\framework\\src\\Illuminate\\Routing\\Route.php(219): Illuminate\\Routing\\ControllerDispatcher->dispatch()
#16 C:\\Websites\\Arabic-for-all\\vendor\\laravel\\framework\\src\\Illuminate\\Routing\\Route.php(176): Illuminate\\Routing\\Route->runController()
#17 C:\\Websites\\Arabic-for-all\\vendor\\laravel\\framework\\src\\Illuminate\\Routing\\Router.php(680): Illuminate\\Routing\\Route->run()
#18 C:\\Websites\\Arabic-for-all\\vendor\\laravel\\framework\\src\\Illuminate\\Routing\\Pipeline.php(30): Illuminate\\Routing\\Router->Illuminate\\Routing\\{closure}()
#19 C:\\Websites\\Arabic-for-all\\app\\Http\\Middleware\\RedirectIfNotAdmin.php(24): Illuminate\\Routing\\Pipeline->Illuminate\\Routing\\{closure}()
#20 C:\\Websites\\Arabic-for-all\\vendor\\laravel\\framework\\src\\Illuminate\\Pipeline\\Pipeline.php(163): App\\Http\\Middleware\\RedirectIfNotAdmin->handle()
#21 C:\\Websites\\Arabic-for-all\\vendor\\laravel\\framework\\src\\Illuminate\\Routing\\Pipeline.php(53): Illuminate\\Pipeline\\Pipeline->Illuminate\\Pipeline\\{closure}()
#22 C:\\Websites\\Arabic-for-all\\app\\Http\\Middleware\\CheckReferral.php(19): Illuminate\\Routing\\Pipeline->Illuminate\\Routing\\{closure}()
#23 C:\\Websites\\Arabic-for-all\\vendor\\laravel\\framework\\src\\Illuminate\\Pipeline\\Pipeline.php(163): App\\Http\\Middleware\\CheckReferral->handle()
#24 C:\\Websites\\Arabic-for-all\\vendor\\laravel\\framework\\src\\Illuminate\\Routing\\Pipeline.php(53): Illuminate\\Pipeline\\Pipeline->Illuminate\\Pipeline\\{closure}()
#25 C:\\Websites\\Arabic-for-all\\app\\Http\\Middleware\\Localization.php(12): Illuminate\\Routing\\Pipeline->Illuminate\\Routing\\{closure}()
#26 C:\\Websites\\Arabic-for-all\\vendor\\laravel\\framework\\src\\Illuminate\\Pipeline\\Pipeline.php(163): App\\Http\\Middleware\\Localization->handle()
#27 C:\\Websites\\Arabic-for-all\\vendor\\laravel\\framework\\src\\Illuminate\\Routing\\Pipeline.php(53): Illuminate\\Pipeline\\Pipeline->Illuminate\\Pipeline\\{closure}()
#28 C:\\Websites\\Arabic-for-all\\vendor\\laravel\\framework\\src\\Illuminate\\Routing\\Middleware\\SubstituteBindings.php(41): Illuminate\\Routing\\Pipeline->Illuminate\\Routing\\{closure}()
#29 C:\\Websites\\Arabic-for-all\\vendor\\laravel\\framework\\src\\Illuminate\\Pipeline\\Pipeline.php(163): Illuminate\\Routing\\Middleware\\SubstituteBindings->handle()
#30 C:\\Websites\\Arabic-for-all\\vendor\\laravel\\framework\\src\\Illuminate\\Routing\\Pipeline.php(53): Illuminate\\Pipeline\\Pipeline->Illuminate\\Pipeline\\{closure}()
#31 C:\\Websites\\Arabic-for-all\\vendor\\laravel\\framework\\src\\Illuminate\\Foundation\\Http\\Middleware\\VerifyCsrfToken.php(75): Illuminate\\Routing\\Pipeline->Illuminate\\Routing\\{closure}()
#32 C:\\Websites\\Arabic-for-all\\vendor\\laravel\\framework\\src\\Illuminate\\Pipeline\\Pipeline.php(163): Illuminate\\Foundation\\Http\\Middleware\\VerifyCsrfToken->handle()
#33 C:\\Websites\\Arabic-for-all\\vendor\\laravel\\framework\\src\\Illuminate\\Routing\\Pipeline.php(53): Illuminate\\Pipeline\\Pipeline->Illuminate\\Pipeline\\{closure}()
#34 C:\\Websites\\Arabic-for-all\\vendor\\laravel\\framework\\src\\Illuminate\\Session\\Middleware\\AuthenticateSession.php(58): Illuminate\\Routing\\Pipeline->Illuminate\\Routing\\{closure}()
#35 C:\\Websites\\Arabic-for-all\\vendor\\laravel\\framework\\src\\Illuminate\\Pipeline\\Pipeline.php(163): Illuminate\\Session\\Middleware\\AuthenticateSession->handle()
#36 C:\\Websites\\Arabic-for-all\\vendor\\laravel\\framework\\src\\Illuminate\\Routing\\Pipeline.php(53): Illuminate\\Pipeline\\Pipeline->Illuminate\\Pipeline\\{closure}()
#37 C:\\Websites\\Arabic-for-all\\vendor\\laravel\\framework\\src\\Illuminate\\Auth\\Middleware\\Authenticate.php(43): Illuminate\\Routing\\Pipeline->Illuminate\\Routing\\{closure}()
#38 C:\\Websites\\Arabic-for-all\\vendor\\laravel\\framework\\src\\Illuminate\\Pipeline\\Pipeline.php(163): Illuminate\\Auth\\Middleware\\Authenticate->handle()
#39 C:\\Websites\\Arabic-for-all\\vendor\\laravel\\framework\\src\\Illuminate\\Routing\\Pipeline.php(53): Illuminate\\Pipeline\\Pipeline->Illuminate\\Pipeline\\{closure}()
#40 C:\\Websites\\Arabic-for-all\\vendor\\laravel\\framework\\src\\Illuminate\\View\\Middleware\\ShareErrorsFromSession.php(49): Illuminate\\Routing\\Pipeline->Illuminate\\Routing\\{closure}()
#41 C:\\Websites\\Arabic-for-all\\vendor\\laravel\\framework\\src\\Illuminate\\Pipeline\\Pipeline.php(163): Illuminate\\View\\Middleware\\ShareErrorsFromSession->handle()
#42 C:\\Websites\\Arabic-for-all\\vendor\\laravel\\framework\\src\\Illuminate\\Routing\\Pipeline.php(53): Illuminate\\Pipeline\\Pipeline->Illuminate\\Pipeline\\{closure}()
#43 C:\\Websites\\Arabic-for-all\\vendor\\laravel\\framework\\src\\Illuminate\\Session\\Middleware\\StartSession.php(56): Illuminate\\Routing\\Pipeline->Illuminate\\Routing\\{closure}()
#44 C:\\Websites\\Arabic-for-all\\vendor\\laravel\\framework\\src\\Illuminate\\Pipeline\\Pipeline.php(163): Illuminate\\Session\\Middleware\\StartSession->handle()
#45 C:\\Websites\\Arabic-for-all\\vendor\\laravel\\framework\\src\\Illuminate\\Routing\\Pipeline.php(53): Illuminate\\Pipeline\\Pipeline->Illuminate\\Pipeline\\{closure}()
#46 C:\\Websites\\Arabic-for-all\\vendor\\laravel\\framework\\src\\Illuminate\\Cookie\\Middleware\\AddQueuedCookiesToResponse.php(37): Illuminate\\Routing\\Pipeline->Illuminate\\Routing\\{closure}()
#47 C:\\Websites\\Arabic-for-all\\vendor\\laravel\\framework\\src\\Illuminate\\Pipeline\\Pipeline.php(163): Illuminate\\Cookie\\Middleware\\AddQueuedCookiesToResponse->handle()
#48 C:\\Websites\\Arabic-for-all\\vendor\\laravel\\framework\\src\\Illuminate\\Routing\\Pipeline.php(53): Illuminate\\Pipeline\\Pipeline->Illuminate\\Pipeline\\{closure}()
#49 C:\\Websites\\Arabic-for-all\\vendor\\laravel\\framework\\src\\Illuminate\\Cookie\\Middleware\\EncryptCookies.php(66): Illuminate\\Routing\\Pipeline->Illuminate\\Routing\\{closure}()
#50 C:\\Websites\\Arabic-for-all\\vendor\\laravel\\framework\\src\\Illuminate\\Pipeline\\Pipeline.php(163): Illuminate\\Cookie\\Middleware\\EncryptCookies->handle()
#51 C:\\Websites\\Arabic-for-all\\vendor\\laravel\\framework\\src\\Illuminate\\Routing\\Pipeline.php(53): Illuminate\\Pipeline\\Pipeline->Illuminate\\Pipeline\\{closure}()
#52 C:\\Websites\\Arabic-for-all\\vendor\\laravel\\framework\\src\\Illuminate\\Pipeline\\Pipeline.php(104): Illuminate\\Routing\\Pipeline->Illuminate\\Routing\\{closure}()
#53 C:\\Websites\\Arabic-for-all\\vendor\\laravel\\framework\\src\\Illuminate\\Routing\\Router.php(682): Illuminate\\Pipeline\\Pipeline->then()
#54 C:\\Websites\\Arabic-for-all\\vendor\\laravel\\framework\\src\\Illuminate\\Routing\\Router.php(657): Illuminate\\Routing\\Router->runRouteWithinStack()
#55 C:\\Websites\\Arabic-for-all\\vendor\\laravel\\framework\\src\\Illuminate\\Routing\\Router.php(623): Illuminate\\Routing\\Router->runRoute()
#56 C:\\Websites\\Arabic-for-all\\vendor\\laravel\\framework\\src\\Illuminate\\Routing\\Router.php(612): Illuminate\\Routing\\Router->dispatchToRoute()
#57 C:\\Websites\\Arabic-for-all\\vendor\\laravel\\framework\\src\\Illuminate\\Foundation\\Http\\Kernel.php(176): Illuminate\\Routing\\Router->dispatch()
#58 C:\\Websites\\Arabic-for-all\\vendor\\laravel\\framework\\src\\Illuminate\\Routing\\Pipeline.php(30): Illuminate\\Foundation\\Http\\Kernel->Illuminate\\Foundation\\Http\\{closure}()
#59 C:\\Websites\\Arabic-for-all\\vendor\\barryvdh\\laravel-debugbar\\src\\Middleware\\InjectDebugbar.php(58): Illuminate\\Routing\\Pipeline->Illuminate\\Routing\\{closure}()
#60 C:\\Websites\\Arabic-for-all\\vendor\\laravel\\framework\\src\\Illuminate\\Pipeline\\Pipeline.php(163): Barryvdh\\Debugbar\\Middleware\\InjectDebugbar->handle()
#61 C:\\Websites\\Arabic-for-all\\vendor\\laravel\\framework\\src\\Illuminate\\Routing\\Pipeline.php(53): Illuminate\\Pipeline\\Pipeline->Illuminate\\Pipeline\\{closure}()
#62 C:\\Websites\\Arabic-for-all\\vendor\\laravel\\framework\\src\\Illuminate\\Foundation\\Http\\Middleware\\TransformsRequest.php(21): Illuminate\\Routing\\Pipeline->Illuminate\\Routing\\{closure}()
#63 C:\\Websites\\Arabic-for-all\\vendor\\laravel\\framework\\src\\Illuminate\\Pipeline\\Pipeline.php(163): Illuminate\\Foundation\\Http\\Middleware\\TransformsRequest->handle()
#64 C:\\Websites\\Arabic-for-all\\vendor\\laravel\\framework\\src\\Illuminate\\Routing\\Pipeline.php(53): Illuminate\\Pipeline\\Pipeline->Illuminate\\Pipeline\\{closure}()
#65 C:\\Websites\\Arabic-for-all\\vendor\\laravel\\framework\\src\\Illuminate\\Foundation\\Http\\Middleware\\TransformsRequest.php(21): Illuminate\\Routing\\Pipeline->Illuminate\\Routing\\{closure}()
#66 C:\\Websites\\Arabic-for-all\\vendor\\laravel\\framework\\src\\Illuminate\\Pipeline\\Pipeline.php(163): Illuminate\\Foundation\\Http\\Middleware\\TransformsRequest->handle()
#67 C:\\Websites\\Arabic-for-all\\vendor\\laravel\\framework\\src\\Illuminate\\Routing\\Pipeline.php(53): Illuminate\\Pipeline\\Pipeline->Illuminate\\Pipeline\\{closure}()
#68 C:\\Websites\\Arabic-for-all\\vendor\\laravel\\framework\\src\\Illuminate\\Foundation\\Http\\Middleware\\ValidatePostSize.php(27): Illuminate\\Routing\\Pipeline->Illuminate\\Routing\\{closure}()
#69 C:\\Websites\\Arabic-for-all\\vendor\\laravel\\framework\\src\\Illuminate\\Pipeline\\Pipeline.php(163): Illuminate\\Foundation\\Http\\Middleware\\ValidatePostSize->handle()
#70 C:\\Websites\\Arabic-for-all\\vendor\\laravel\\framework\\src\\Illuminate\\Routing\\Pipeline.php(53): Illuminate\\Pipeline\\Pipeline->Illuminate\\Pipeline\\{closure}()
#71 C:\\Websites\\Arabic-for-all\\vendor\\laravel\\framework\\src\\Illuminate\\Foundation\\Http\\Middleware\\CheckForMaintenanceMode.php(62): Illuminate\\Routing\\Pipeline->Illuminate\\Routing\\{closure}()
#72 C:\\Websites\\Arabic-for-all\\vendor\\laravel\\framework\\src\\Illuminate\\Pipeline\\Pipeline.php(163): Illuminate\\Foundation\\Http\\Middleware\\CheckForMaintenanceMode->handle()
#73 C:\\Websites\\Arabic-for-all\\vendor\\laravel\\framework\\src\\Illuminate\\Routing\\Pipeline.php(53): Illuminate\\Pipeline\\Pipeline->Illuminate\\Pipeline\\{closure}()
#74 C:\\Websites\\Arabic-for-all\\vendor\\fideloper\\proxy\\src\\TrustProxies.php(57): Illuminate\\Routing\\Pipeline->Illuminate\\Routing\\{closure}()
#75 C:\\Websites\\Arabic-for-all\\vendor\\laravel\\framework\\src\\Illuminate\\Pipeline\\Pipeline.php(163): Fideloper\\Proxy\\TrustProxies->handle()
#76 C:\\Websites\\Arabic-for-all\\vendor\\laravel\\framework\\src\\Illuminate\\Routing\\Pipeline.php(53): Illuminate\\Pipeline\\Pipeline->Illuminate\\Pipeline\\{closure}()
#77 C:\\Websites\\Arabic-for-all\\vendor\\laravel\\framework\\src\\Illuminate\\Pipeline\\Pipeline.php(104): Illuminate\\Routing\\Pipeline->Illuminate\\Routing\\{closure}()
#78 C:\\Websites\\Arabic-for-all\\vendor\\laravel\\framework\\src\\Illuminate\\Foundation\\Http\\Kernel.php(151): Illuminate\\Pipeline\\Pipeline->then()
#79 C:\\Websites\\Arabic-for-all\\vendor\\laravel\\framework\\src\\Illuminate\\Foundation\\Http\\Kernel.php(116): Illuminate\\Foundation\\Http\\Kernel->sendRequestThroughRouter()
#80 C:\\Websites\\Arabic-for-all\\public\\index.php(55): Illuminate\\Foundation\\Http\\Kernel->handle()
#81 {main}
"} 
[2022-06-26 09:48:28] local.ERROR: Failed to authenticate on SMTP server with username "tareeqularabia@gmail.com" using 3 possible authenticators. Authenticator LOGIN returned Expected response code 235 but got code "535", with message "535-5.7.8 Username and Password not accepted. Learn more at
535 5.7.8  https://support.google.com/mail/?p=BadCredentials p14-20020a05620a056e00b006ab91fd03fasm5676714qkp.19 - gsmtp
". Authenticator PLAIN returned Expected response code 235 but got code "535", with message "535-5.7.8 Username and Password not accepted. Learn more at
535 5.7.8  https://support.google.com/mail/?p=BadCredentials p14-20020a05620a056e00b006ab91fd03fasm5676714qkp.19 - gsmtp
". Authenticator XOAUTH2 returned Expected response code 250 but got code "535", with message "535-5.7.8 Username and Password not accepted. Learn more at
535 5.7.8  https://support.google.com/mail/?p=BadCredentials p14-20020a05620a056e00b006ab91fd03fasm5676714qkp.19 - gsmtp
". {"userId":9,"exception":"[object] (Swift_TransportException(code: 0): Failed to authenticate on SMTP server with username \"tareeqularabia@gmail.com\" using 3 possible authenticators. Authenticator LOGIN returned Expected response code 235 but got code \"535\", with message \"535-5.7.8 Username and Password not accepted. Learn more at
535 5.7.8  https://support.google.com/mail/?p=BadCredentials p14-20020a05620a056e00b006ab91fd03fasm5676714qkp.19 - gsmtp
\". Authenticator PLAIN returned Expected response code 235 but got code \"535\", with message \"535-5.7.8 Username and Password not accepted. Learn more at
535 5.7.8  https://support.google.com/mail/?p=BadCredentials p14-20020a05620a056e00b006ab91fd03fasm5676714qkp.19 - gsmtp
\". Authenticator XOAUTH2 returned Expected response code 250 but got code \"535\", with message \"535-5.7.8 Username and Password not accepted. Learn more at
535 5.7.8  https://support.google.com/mail/?p=BadCredentials p14-20020a05620a056e00b006ab91fd03fasm5676714qkp.19 - gsmtp
\". at C:\\Websites\\Arabic-for-all\\vendor\\swiftmailer\\swiftmailer\\lib\\classes\\Swift\\Transport\\Esmtp\\AuthHandler.php:191)
[stacktrace]
#0 C:\\Websites\\Arabic-for-all\\vendor\\swiftmailer\\swiftmailer\\lib\\classes\\Swift\\Transport\\EsmtpTransport.php(371): Swift_Transport_Esmtp_AuthHandler->afterEhlo()
#1 C:\\Websites\\Arabic-for-all\\vendor\\swiftmailer\\swiftmailer\\lib\\classes\\Swift\\Transport\\AbstractSmtpTransport.php(148): Swift_Transport_EsmtpTransport->doHeloCommand()
#2 C:\\Websites\\Arabic-for-all\\vendor\\swiftmailer\\swiftmailer\\lib\\classes\\Swift\\Mailer.php(65): Swift_Transport_AbstractSmtpTransport->start()
#3 C:\\Websites\\Arabic-for-all\\vendor\\laravel\\framework\\src\\Illuminate\\Mail\\Mailer.php(484): Swift_Mailer->send()
#4 C:\\Websites\\Arabic-for-all\\vendor\\laravel\\framework\\src\\Illuminate\\Mail\\Mailer.php(259): Illuminate\\Mail\\Mailer->sendSwiftMessage()
#5 C:\\Websites\\Arabic-for-all\\vendor\\laravel\\framework\\src\\Illuminate\\Mail\\Mailable.php(159): Illuminate\\Mail\\Mailer->send()
#6 C:\\Websites\\Arabic-for-all\\vendor\\laravel\\framework\\src\\Illuminate\\Support\\Traits\\Localizable.php(19): Illuminate\\Mail\\Mailable->Illuminate\\Mail\\{closure}()
#7 C:\\Websites\\Arabic-for-all\\vendor\\laravel\\framework\\src\\Illuminate\\Mail\\Mailable.php(160): Illuminate\\Mail\\Mailable->withLocale()
#8 C:\\Websites\\Arabic-for-all\\vendor\\laravel\\framework\\src\\Illuminate\\Mail\\Mailer.php(275): Illuminate\\Mail\\Mailable->send()
#9 C:\\Websites\\Arabic-for-all\\vendor\\laravel\\framework\\src\\Illuminate\\Mail\\Mailer.php(229): Illuminate\\Mail\\Mailer->sendMailable()
#10 C:\\Websites\\Arabic-for-all\\vendor\\laravel\\framework\\src\\Illuminate\\Mail\\PendingMail.php(127): Illuminate\\Mail\\Mailer->send()
#11 C:\\Websites\\Arabic-for-all\\app\\Http\\Controllers\\Admin\\CoursesController.php(80): Illuminate\\Mail\\PendingMail->send()
#12 [internal function]: App\\Http\\Controllers\\Admin\\CoursesController->store()
#13 C:\\Websites\\Arabic-for-all\\vendor\\laravel\\framework\\src\\Illuminate\\Routing\\Controller.php(54): call_user_func_array()
#14 C:\\Websites\\Arabic-for-all\\vendor\\laravel\\framework\\src\\Illuminate\\Routing\\ControllerDispatcher.php(45): Illuminate\\Routing\\Controller->callAction()
#15 C:\\Websites\\Arabic-for-all\\vendor\\laravel\\framework\\src\\Illuminate\\Routing\\Route.php(219): Illuminate\\Routing\\ControllerDispatcher->dispatch()
#16 C:\\Websites\\Arabic-for-all\\vendor\\laravel\\framework\\src\\Illuminate\\Routing\\Route.php(176): Illuminate\\Routing\\Route->runController()
#17 C:\\Websites\\Arabic-for-all\\vendor\\laravel\\framework\\src\\Illuminate\\Routing\\Router.php(680): Illuminate\\Routing\\Route->run()
#18 C:\\Websites\\Arabic-for-all\\vendor\\laravel\\framework\\src\\Illuminate\\Routing\\Pipeline.php(30): Illuminate\\Routing\\Router->Illuminate\\Routing\\{closure}()
#19 C:\\Websites\\Arabic-for-all\\app\\Http\\Middleware\\RedirectIfNotAdmin.php(24): Illuminate\\Routing\\Pipeline->Illuminate\\Routing\\{closure}()
#20 C:\\Websites\\Arabic-for-all\\vendor\\laravel\\framework\\src\\Illuminate\\Pipeline\\Pipeline.php(163): App\\Http\\Middleware\\RedirectIfNotAdmin->handle()
#21 C:\\Websites\\Arabic-for-all\\vendor\\laravel\\framework\\src\\Illuminate\\Routing\\Pipeline.php(53): Illuminate\\Pipeline\\Pipeline->Illuminate\\Pipeline\\{closure}()
#22 C:\\Websites\\Arabic-for-all\\app\\Http\\Middleware\\CheckReferral.php(19): Illuminate\\Routing\\Pipeline->Illuminate\\Routing\\{closure}()
#23 C:\\Websites\\Arabic-for-all\\vendor\\laravel\\framework\\src\\Illuminate\\Pipeline\\Pipeline.php(163): App\\Http\\Middleware\\CheckReferral->handle()
#24 C:\\Websites\\Arabic-for-all\\vendor\\laravel\\framework\\src\\Illuminate\\Routing\\Pipeline.php(53): Illuminate\\Pipeline\\Pipeline->Illuminate\\Pipeline\\{closure}()
#25 C:\\Websites\\Arabic-for-all\\app\\Http\\Middleware\\Localization.php(12): Illuminate\\Routing\\Pipeline->Illuminate\\Routing\\{closure}()
#26 C:\\Websites\\Arabic-for-all\\vendor\\laravel\\framework\\src\\Illuminate\\Pipeline\\Pipeline.php(163): App\\Http\\Middleware\\Localization->handle()
#27 C:\\Websites\\Arabic-for-all\\vendor\\laravel\\framework\\src\\Illuminate\\Routing\\Pipeline.php(53): Illuminate\\Pipeline\\Pipeline->Illuminate\\Pipeline\\{closure}()
#28 C:\\Websites\\Arabic-for-all\\vendor\\laravel\\framework\\src\\Illuminate\\Routing\\Middleware\\SubstituteBindings.php(41): Illuminate\\Routing\\Pipeline->Illuminate\\Routing\\{closure}()
#29 C:\\Websites\\Arabic-for-all\\vendor\\laravel\\framework\\src\\Illuminate\\Pipeline\\Pipeline.php(163): Illuminate\\Routing\\Middleware\\SubstituteBindings->handle()
#30 C:\\Websites\\Arabic-for-all\\vendor\\laravel\\framework\\src\\Illuminate\\Routing\\Pipeline.php(53): Illuminate\\Pipeline\\Pipeline->Illuminate\\Pipeline\\{closure}()
#31 C:\\Websites\\Arabic-for-all\\vendor\\laravel\\framework\\src\\Illuminate\\Foundation\\Http\\Middleware\\VerifyCsrfToken.php(75): Illuminate\\Routing\\Pipeline->Illuminate\\Routing\\{closure}()
#32 C:\\Websites\\Arabic-for-all\\vendor\\laravel\\framework\\src\\Illuminate\\Pipeline\\Pipeline.php(163): Illuminate\\Foundation\\Http\\Middleware\\VerifyCsrfToken->handle()
#33 C:\\Websites\\Arabic-for-all\\vendor\\laravel\\framework\\src\\Illuminate\\Routing\\Pipeline.php(53): Illuminate\\Pipeline\\Pipeline->Illuminate\\Pipeline\\{closure}()
#34 C:\\Websites\\Arabic-for-all\\vendor\\laravel\\framework\\src\\Illuminate\\Session\\Middleware\\AuthenticateSession.php(58): Illuminate\\Routing\\Pipeline->Illuminate\\Routing\\{closure}()
#35 C:\\Websites\\Arabic-for-all\\vendor\\laravel\\framework\\src\\Illuminate\\Pipeline\\Pipeline.php(163): Illuminate\\Session\\Middleware\\AuthenticateSession->handle()
#36 C:\\Websites\\Arabic-for-all\\vendor\\laravel\\framework\\src\\Illuminate\\Routing\\Pipeline.php(53): Illuminate\\Pipeline\\Pipeline->Illuminate\\Pipeline\\{closure}()
#37 C:\\Websites\\Arabic-for-all\\vendor\\laravel\\framework\\src\\Illuminate\\Auth\\Middleware\\Authenticate.php(43): Illuminate\\Routing\\Pipeline->Illuminate\\Routing\\{closure}()
#38 C:\\Websites\\Arabic-for-all\\vendor\\laravel\\framework\\src\\Illuminate\\Pipeline\\Pipeline.php(163): Illuminate\\Auth\\Middleware\\Authenticate->handle()
#39 C:\\Websites\\Arabic-for-all\\vendor\\laravel\\framework\\src\\Illuminate\\Routing\\Pipeline.php(53): Illuminate\\Pipeline\\Pipeline->Illuminate\\Pipeline\\{closure}()
#40 C:\\Websites\\Arabic-for-all\\vendor\\laravel\\framework\\src\\Illuminate\\View\\Middleware\\ShareErrorsFromSession.php(49): Illuminate\\Routing\\Pipeline->Illuminate\\Routing\\{closure}()
#41 C:\\Websites\\Arabic-for-all\\vendor\\laravel\\framework\\src\\Illuminate\\Pipeline\\Pipeline.php(163): Illuminate\\View\\Middleware\\ShareErrorsFromSession->handle()
#42 C:\\Websites\\Arabic-for-all\\vendor\\laravel\\framework\\src\\Illuminate\\Routing\\Pipeline.php(53): Illuminate\\Pipeline\\Pipeline->Illuminate\\Pipeline\\{closure}()
#43 C:\\Websites\\Arabic-for-all\\vendor\\laravel\\framework\\src\\Illuminate\\Session\\Middleware\\StartSession.php(56): Illuminate\\Routing\\Pipeline->Illuminate\\Routing\\{closure}()
#44 C:\\Websites\\Arabic-for-all\\vendor\\laravel\\framework\\src\\Illuminate\\Pipeline\\Pipeline.php(163): Illuminate\\Session\\Middleware\\StartSession->handle()
#45 C:\\Websites\\Arabic-for-all\\vendor\\laravel\\framework\\src\\Illuminate\\Routing\\Pipeline.php(53): Illuminate\\Pipeline\\Pipeline->Illuminate\\Pipeline\\{closure}()
#46 C:\\Websites\\Arabic-for-all\\vendor\\laravel\\framework\\src\\Illuminate\\Cookie\\Middleware\\AddQueuedCookiesToResponse.php(37): Illuminate\\Routing\\Pipeline->Illuminate\\Routing\\{closure}()
#47 C:\\Websites\\Arabic-for-all\\vendor\\laravel\\framework\\src\\Illuminate\\Pipeline\\Pipeline.php(163): Illuminate\\Cookie\\Middleware\\AddQueuedCookiesToResponse->handle()
#48 C:\\Websites\\Arabic-for-all\\vendor\\laravel\\framework\\src\\Illuminate\\Routing\\Pipeline.php(53): Illuminate\\Pipeline\\Pipeline->Illuminate\\Pipeline\\{closure}()
#49 C:\\Websites\\Arabic-for-all\\vendor\\laravel\\framework\\src\\Illuminate\\Cookie\\Middleware\\EncryptCookies.php(66): Illuminate\\Routing\\Pipeline->Illuminate\\Routing\\{closure}()
#50 C:\\Websites\\Arabic-for-all\\vendor\\laravel\\framework\\src\\Illuminate\\Pipeline\\Pipeline.php(163): Illuminate\\Cookie\\Middleware\\EncryptCookies->handle()
#51 C:\\Websites\\Arabic-for-all\\vendor\\laravel\\framework\\src\\Illuminate\\Routing\\Pipeline.php(53): Illuminate\\Pipeline\\Pipeline->Illuminate\\Pipeline\\{closure}()
#52 C:\\Websites\\Arabic-for-all\\vendor\\laravel\\framework\\src\\Illuminate\\Pipeline\\Pipeline.php(104): Illuminate\\Routing\\Pipeline->Illuminate\\Routing\\{closure}()
#53 C:\\Websites\\Arabic-for-all\\vendor\\laravel\\framework\\src\\Illuminate\\Routing\\Router.php(682): Illuminate\\Pipeline\\Pipeline->then()
#54 C:\\Websites\\Arabic-for-all\\vendor\\laravel\\framework\\src\\Illuminate\\Routing\\Router.php(657): Illuminate\\Routing\\Router->runRouteWithinStack()
#55 C:\\Websites\\Arabic-for-all\\vendor\\laravel\\framework\\src\\Illuminate\\Routing\\Router.php(623): Illuminate\\Routing\\Router->runRoute()
#56 C:\\Websites\\Arabic-for-all\\vendor\\laravel\\framework\\src\\Illuminate\\Routing\\Router.php(612): Illuminate\\Routing\\Router->dispatchToRoute()
#57 C:\\Websites\\Arabic-for-all\\vendor\\laravel\\framework\\src\\Illuminate\\Foundation\\Http\\Kernel.php(176): Illuminate\\Routing\\Router->dispatch()
#58 C:\\Websites\\Arabic-for-all\\vendor\\laravel\\framework\\src\\Illuminate\\Routing\\Pipeline.php(30): Illuminate\\Foundation\\Http\\Kernel->Illuminate\\Foundation\\Http\\{closure}()
#59 C:\\Websites\\Arabic-for-all\\vendor\\barryvdh\\laravel-debugbar\\src\\Middleware\\InjectDebugbar.php(58): Illuminate\\Routing\\Pipeline->Illuminate\\Routing\\{closure}()
#60 C:\\Websites\\Arabic-for-all\\vendor\\laravel\\framework\\src\\Illuminate\\Pipeline\\Pipeline.php(163): Barryvdh\\Debugbar\\Middleware\\InjectDebugbar->handle()
#61 C:\\Websites\\Arabic-for-all\\vendor\\laravel\\framework\\src\\Illuminate\\Routing\\Pipeline.php(53): Illuminate\\Pipeline\\Pipeline->Illuminate\\Pipeline\\{closure}()
#62 C:\\Websites\\Arabic-for-all\\vendor\\laravel\\framework\\src\\Illuminate\\Foundation\\Http\\Middleware\\TransformsRequest.php(21): Illuminate\\Routing\\Pipeline->Illuminate\\Routing\\{closure}()
#63 C:\\Websites\\Arabic-for-all\\vendor\\laravel\\framework\\src\\Illuminate\\Pipeline\\Pipeline.php(163): Illuminate\\Foundation\\Http\\Middleware\\TransformsRequest->handle()
#64 C:\\Websites\\Arabic-for-all\\vendor\\laravel\\framework\\src\\Illuminate\\Routing\\Pipeline.php(53): Illuminate\\Pipeline\\Pipeline->Illuminate\\Pipeline\\{closure}()
#65 C:\\Websites\\Arabic-for-all\\vendor\\laravel\\framework\\src\\Illuminate\\Foundation\\Http\\Middleware\\TransformsRequest.php(21): Illuminate\\Routing\\Pipeline->Illuminate\\Routing\\{closure}()
#66 C:\\Websites\\Arabic-for-all\\vendor\\laravel\\framework\\src\\Illuminate\\Pipeline\\Pipeline.php(163): Illuminate\\Foundation\\Http\\Middleware\\TransformsRequest->handle()
#67 C:\\Websites\\Arabic-for-all\\vendor\\laravel\\framework\\src\\Illuminate\\Routing\\Pipeline.php(53): Illuminate\\Pipeline\\Pipeline->Illuminate\\Pipeline\\{closure}()
#68 C:\\Websites\\Arabic-for-all\\vendor\\laravel\\framework\\src\\Illuminate\\Foundation\\Http\\Middleware\\ValidatePostSize.php(27): Illuminate\\Routing\\Pipeline->Illuminate\\Routing\\{closure}()
#69 C:\\Websites\\Arabic-for-all\\vendor\\laravel\\framework\\src\\Illuminate\\Pipeline\\Pipeline.php(163): Illuminate\\Foundation\\Http\\Middleware\\ValidatePostSize->handle()
#70 C:\\Websites\\Arabic-for-all\\vendor\\laravel\\framework\\src\\Illuminate\\Routing\\Pipeline.php(53): Illuminate\\Pipeline\\Pipeline->Illuminate\\Pipeline\\{closure}()
#71 C:\\Websites\\Arabic-for-all\\vendor\\laravel\\framework\\src\\Illuminate\\Foundation\\Http\\Middleware\\CheckForMaintenanceMode.php(62): Illuminate\\Routing\\Pipeline->Illuminate\\Routing\\{closure}()
#72 C:\\Websites\\Arabic-for-all\\vendor\\laravel\\framework\\src\\Illuminate\\Pipeline\\Pipeline.php(163): Illuminate\\Foundation\\Http\\Middleware\\CheckForMaintenanceMode->handle()
#73 C:\\Websites\\Arabic-for-all\\vendor\\laravel\\framework\\src\\Illuminate\\Routing\\Pipeline.php(53): Illuminate\\Pipeline\\Pipeline->Illuminate\\Pipeline\\{closure}()
#74 C:\\Websites\\Arabic-for-all\\vendor\\fideloper\\proxy\\src\\TrustProxies.php(57): Illuminate\\Routing\\Pipeline->Illuminate\\Routing\\{closure}()
#75 C:\\Websites\\Arabic-for-all\\vendor\\laravel\\framework\\src\\Illuminate\\Pipeline\\Pipeline.php(163): Fideloper\\Proxy\\TrustProxies->handle()
#76 C:\\Websites\\Arabic-for-all\\vendor\\laravel\\framework\\src\\Illuminate\\Routing\\Pipeline.php(53): Illuminate\\Pipeline\\Pipeline->Illuminate\\Pipeline\\{closure}()
#77 C:\\Websites\\Arabic-for-all\\vendor\\laravel\\framework\\src\\Illuminate\\Pipeline\\Pipeline.php(104): Illuminate\\Routing\\Pipeline->Illuminate\\Routing\\{closure}()
#78 C:\\Websites\\Arabic-for-all\\vendor\\laravel\\framework\\src\\Illuminate\\Foundation\\Http\\Kernel.php(151): Illuminate\\Pipeline\\Pipeline->then()
#79 C:\\Websites\\Arabic-for-all\\vendor\\laravel\\framework\\src\\Illuminate\\Foundation\\Http\\Kernel.php(116): Illuminate\\Foundation\\Http\\Kernel->sendRequestThroughRouter()
#80 C:\\Websites\\Arabic-for-all\\public\\index.php(55): Illuminate\\Foundation\\Http\\Kernel->handle()
#81 {main}
"} 
